\BOOKMARK [1][-]{section.1}{\376\377\000I\000n\000t\000r\000o\000d\000u\000z\000i\000o\000n\000e}{}% 1
\BOOKMARK [1][-]{section.2}{\376\377\000C\000o\000n\000c\000e\000t\000t\000i\000\040\000F\000o\000n\000d\000a\000m\000e\000n\000t\000a\000l\000i}{}% 2
\BOOKMARK [2][-]{subsection.2.1}{\376\377\000C\000o\000s\000'\000\350\000\040\000u\000n\000\040\000A\000l\000g\000o\000r\000i\000t\000m\000o\000?}{section.2}% 3
\BOOKMARK [2][-]{subsection.2.2}{\376\377\000C\000o\000m\000p\000l\000e\000s\000s\000i\000t\000\340}{section.2}% 4
\BOOKMARK [2][-]{subsection.2.3}{\376\377\000O\000\040\000g\000r\000a\000n\000d\000e}{section.2}% 5
\BOOKMARK [3][-]{subsubsection.2.3.1}{\376\377\000D\000i\000m\000o\000s\000t\000r\000a\000z\000i\000o\000n\000e\000:\000\040}{subsection.2.3}% 6
\BOOKMARK [2][-]{subsection.2.4}{\376\377\000I\000l\000\040\000c\000a\000s\000o\000\040\000m\000i\000g\000l\000i\000o\000r\000e\000\040}{section.2}% 7
\BOOKMARK [3][-]{subsubsection.2.4.1}{\376\377\000D\000i\000m\000o\000s\000t\000r\000a\000z\000i\000o\000n\000e\000:\000\040}{subsection.2.4}% 8
\BOOKMARK [2][-]{subsection.2.5}{\376\377\000I\000l\000\040\000c\000a\000s\000o\000\040\000m\000e\000d\000i\000o\000\040}{section.2}% 9
\BOOKMARK [1][-]{section.3}{\376\377\000A\000l\000g\000o\000r\000i\000t\000m\000i\000\040\000d\000i\000\040\000S\000o\000r\000t\000i\000n\000g}{}% 10
\BOOKMARK [2][-]{subsection.3.1}{\376\377\000B\000u\000b\000b\000l\000e\000\040\000S\000o\000r\000t}{section.3}% 11
\BOOKMARK [3][-]{subsubsection.3.1.1}{\376\377\000C\000o\000d\000i\000c\000e\000:\000\040}{subsection.3.1}% 12
\BOOKMARK [2][-]{subsection.3.2}{\376\377\000I\000n\000s\000e\000r\000t\000i\000o\000n\000\040\000S\000o\000r\000t}{section.3}% 13
\BOOKMARK [3][-]{subsubsection.3.2.1}{\376\377\000C\000o\000d\000i\000c\000e}{subsection.3.2}% 14
\BOOKMARK [2][-]{subsection.3.3}{\376\377\000S\000e\000l\000e\000c\000t\000i\000o\000n\000\040\000S\000o\000r\000t}{section.3}% 15
\BOOKMARK [3][-]{subsubsection.3.3.1}{\376\377\000C\000o\000d\000i\000c\000e}{subsection.3.3}% 16
\BOOKMARK [2][-]{subsection.3.4}{\376\377\000P\000r\000o\000b\000l\000e\000m\000a\000\040\0001}{section.3}% 17
\BOOKMARK [1][-]{section.4}{\376\377\000E\000q\000u\000a\000z\000i\000o\000n\000i\000\040\000d\000i\000\040\000R\000i\000c\000o\000r\000r\000e\000n\000z\000a}{}% 18
\BOOKMARK [2][-]{subsection.4.1}{\376\377\000F\000a\000t\000t\000o\000r\000i\000a\000l\000e}{section.4}% 19
\BOOKMARK [3][-]{subsubsection.4.1.1}{\376\377\000P\000r\000o\000v\000a\000\040\000i\000n\000v\000e\000r\000s\000a\000\040\000e\000\040\000t\000e\000c\000n\000i\000c\000h\000e\000\040\000a\000v\000a\000n\000z\000a\000t\000e}{subsection.4.1}% 20
\BOOKMARK [2][-]{subsection.4.2}{\376\377\000M\000a\000s\000t\000e\000r\000\040\000T\000h\000e\000o\000r\000e\000m}{section.4}% 21
\BOOKMARK [1][-]{section.5}{\376\377\000A\000l\000g\000o\000r\000i\000t\000m\000i\000\040\000d\000i\000\040\000S\000o\000r\000t\000i\000n\000g\000\040\000R\000i\000c\000o\000r\000s\000i\000v\000i}{}% 22
\BOOKMARK [2][-]{subsection.5.1}{\376\377\000M\000e\000r\000g\000e\000\040\000S\000o\000r\000t}{section.5}% 23
\BOOKMARK [3][-]{subsubsection.5.1.1}{\376\377\000C\000o\000d\000i\000c\000e}{subsection.5.1}% 24
\BOOKMARK [3][-]{subsubsection.5.1.2}{\376\377\000E\000q\000u\000a\000z\000i\000o\000n\000e\000\040\000d\000i\000\040\000R\000i\000c\000o\000r\000r\000e\000n\000z\000a}{subsection.5.1}% 25
\BOOKMARK [2][-]{subsection.5.2}{\376\377\000Q\000u\000i\000c\000k\000\040\000S\000o\000r\000t}{section.5}% 26
\BOOKMARK [3][-]{subsubsection.5.2.1}{\376\377\000C\000o\000d\000i\000c\000e}{subsection.5.2}% 27
\BOOKMARK [3][-]{subsubsection.5.2.2}{\376\377\000E\000q\000u\000a\000z\000i\000o\000n\000e\000\040\000d\000i\000\040\000R\000i\000c\000o\000r\000r\000e\000n\000z\000a}{subsection.5.2}% 28
\BOOKMARK [2][-]{subsection.5.3}{\376\377\000Q\000u\000i\000c\000k\000\040\000S\000o\000r\000t\000\040\000R\000a\000n\000d\000o\000m\000i\000z\000e\000d}{section.5}% 29
\BOOKMARK [1][-]{section.6}{\376\377\000I\000n\000t\000r\000o\000d\000u\000z\000i\000o\000n\000e\000\040\000a\000l\000l\000e\000\040\000S\000t\000r\000u\000t\000t\000u\000r\000e\000\040\000D\000a\000t\000i\000:\000\040\000H\000e\000a\000p}{}% 30
\BOOKMARK [2][-]{subsection.6.1}{\376\377\000p\000r\000o\000p\000r\000i\000e\000t\000\340\000\040\000d\000i\000\040\000u\000n\000\040\000H\000e\000a\000p}{section.6}% 31
\BOOKMARK [3][-]{subsubsection.6.1.1}{\376\377\000P\000r\000o\000p\000r\000i\000e\000t\000\340\000\040\000d\000e\000r\000i\000v\000a\000t\000e\000:\000\040\000A\000l\000b\000e\000r\000i\000\040\000c\000o\000m\000p\000l\000e\000t\000i}{subsection.6.1}% 32
\BOOKMARK [2][-]{subsection.6.2}{\376\377\000H\000e\000a\000p\000\040\000S\000o\000r\000t}{section.6}% 33
\BOOKMARK [3][-]{subsubsection.6.2.1}{\376\377\000C\000o\000d\000i\000c\000e}{subsection.6.2}% 34
\BOOKMARK [2][-]{subsection.6.3}{\376\377\000P\000r\000o\000b\000l\000e\000m\000a\000\040\0002\000:\000\040\000L\000i\000m\000i\000t\000i\000\040\000i\000n\000f\000e\000r\000i\000o\000r\000i}{section.6}% 35
\BOOKMARK [1][-]{section.7}{\376\377\000A\000l\000g\000o\000r\000i\000t\000i\000m\000i\000\040\000d\000i\000\040\000O\000r\000d\000i\000n\000a\000m\000e\000n\000t\000o\000\040\000O\000\050\000n\000\051}{}% 36
\BOOKMARK [2][-]{subsection.7.1}{\376\377\000C\000o\000u\000n\000t\000i\000n\000g\000\040\000S\000o\000r\000t}{section.7}% 37
\BOOKMARK [3][-]{subsubsection.7.1.1}{\376\377\000C\000o\000d\000i\000c\000e}{subsection.7.1}% 38
\BOOKMARK [2][-]{subsection.7.2}{\376\377\000R\000a\000d\000i\000x\000\040\000S\000o\000r\000t}{section.7}% 39
\BOOKMARK [3][-]{subsubsection.7.2.1}{\376\377\000C\000o\000d\000i\000c\000e}{subsection.7.2}% 40
\BOOKMARK [2][-]{subsection.7.3}{\376\377\000B\000u\000c\000k\000e\000t\000\040\000S\000o\000r\000t}{section.7}% 41
\BOOKMARK [3][-]{subsubsection.7.3.1}{\376\377\000C\000o\000d\000i\000c\000e}{subsection.7.3}% 42
\BOOKMARK [1][-]{section.8}{\376\377\000P\000r\000o\000b\000l\000e\000m\000a\000\040\000d\000e\000l\000l\000a\000\040\000s\000e\000l\000e\000z\000i\000o\000n\000e}{}% 43
\BOOKMARK [1][-]{section.9}{\376\377\000S\000e\000l\000e\000z\000i\000o\000n\000e\000\040\000d\000e\000l\000\040\000m\000a\000s\000s\000i\000m\000o\000\040\000e\000\040\000d\000e\000l\000\040\000m\000i\000n\000i\000m\000o}{}% 44
\BOOKMARK [2][-]{subsection.9.1}{\376\377\000S\000e\000l\000e\000c\000t\000\040\000M\000i\000n\000/\000M\000a\000x}{section.9}% 45
\BOOKMARK [3][-]{subsubsection.9.1.1}{\376\377\000C\000o\000d\000i\000c\000e}{subsection.9.1}% 46
\BOOKMARK [3][-]{subsubsection.9.1.2}{\376\377\000T\000r\000o\000v\000a\000r\000e\000\040\000i\000l\000\040\000m\000i\000n\000i\000m\000o\000\040\000e\000\040\000i\000l\000\040\000m\000a\000s\000s\000i\000m\000o\000\040\000i\000n\000\040\000m\000e\000n\000o\000\040\000d\000i\000\040\000O\000\050\000n\000\051}{subsection.9.1}% 47
\BOOKMARK [2][-]{subsection.9.2}{\376\377\000E\000s\000e\000m\000p\000i\000o\000\040\000d\000i\000\040\000I\000m\000m\000a\000g\000i\000n\000e}{section.9}% 48
